# Logfile created on 2014-02-05 11:32:10 +0000 by logger.rb/44203
I, [2014-02-05T11:32:10.493715 #5872]  INFO -- : 0:  rack (1.5.2) from /Users/petersaxton/.rvm/gems/ruby-2.1.0/specifications/rack-1.5.2.gemspec
I, [2014-02-05T11:32:13.286021 #5872]  INFO -- : 0:  rack-protection (1.5.2) from /Users/petersaxton/.rvm/gems/ruby-2.1.0/specifications/rack-protection-1.5.2.gemspec
I, [2014-02-05T11:32:18.568526 #5872]  INFO -- : 0:  shotgun (0.9) from /Users/petersaxton/.rvm/gems/ruby-2.1.0/specifications/shotgun-0.9.gemspec
I, [2014-02-05T11:32:21.599016 #5872]  INFO -- : 0:  tilt (1.4.1) from /Users/petersaxton/.rvm/gems/ruby-2.1.0/specifications/tilt-1.4.1.gemspec
I, [2014-02-05T11:32:34.796858 #5872]  INFO -- : 0:  sinatra (1.4.4) from /Users/petersaxton/.rvm/gems/ruby-2.1.0/specifications/sinatra-1.4.4.gemspec
I, [2014-02-05T11:32:34.797411 #5872]  INFO -- : 0:  bundler (1.5.1) from /Users/petersaxton/.rvm/gems/ruby-2.1.0@global/specifications/bundler-1.5.1.gemspec
I, [2014-02-05T15:37:53.631297 #6579]  INFO -- : 0:  rack (1.5.2) from /Users/petersaxton/.rvm/gems/ruby-2.1.0/specifications/rack-1.5.2.gemspec
I, [2014-02-05T15:37:53.631686 #6579]  INFO -- : 0:  rack-protection (1.5.2) from /Users/petersaxton/.rvm/gems/ruby-2.1.0/specifications/rack-protection-1.5.2.gemspec
I, [2014-02-05T15:37:53.631977 #6579]  INFO -- : 0:  shotgun (0.9) from /Users/petersaxton/.rvm/gems/ruby-2.1.0/specifications/shotgun-0.9.gemspec
I, [2014-02-05T15:37:53.632254 #6579]  INFO -- : 0:  tilt (1.4.1) from /Users/petersaxton/.rvm/gems/ruby-2.1.0/specifications/tilt-1.4.1.gemspec
I, [2014-02-05T15:37:53.632527 #6579]  INFO -- : 0:  sinatra (1.4.4) from /Users/petersaxton/.rvm/gems/ruby-2.1.0/specifications/sinatra-1.4.4.gemspec
I, [2014-02-05T15:37:53.632784 #6579]  INFO -- : 0:  bundler (1.5.1) from /Users/petersaxton/.rvm/gems/ruby-2.1.0@global/specifications/bundler-1.5.1.gemspec
I, [2014-02-07T09:53:48.689745 #616]  INFO -- : 0:  rack (1.5.2) from /Users/petersaxton/.rvm/gems/ruby-2.1.0/specifications/rack-1.5.2.gemspec
I, [2014-02-07T09:53:48.690516 #616]  INFO -- : 0:  rack-protection (1.5.2) from /Users/petersaxton/.rvm/gems/ruby-2.1.0/specifications/rack-protection-1.5.2.gemspec
I, [2014-02-07T09:53:48.690797 #616]  INFO -- : 0:  shotgun (0.9) from /Users/petersaxton/.rvm/gems/ruby-2.1.0/specifications/shotgun-0.9.gemspec
I, [2014-02-07T09:53:48.691084 #616]  INFO -- : 0:  tilt (1.4.1) from /Users/petersaxton/.rvm/gems/ruby-2.1.0/specifications/tilt-1.4.1.gemspec
I, [2014-02-07T09:53:48.691363 #616]  INFO -- : 0:  sinatra (1.4.4) from /Users/petersaxton/.rvm/gems/ruby-2.1.0/specifications/sinatra-1.4.4.gemspec
I, [2014-02-07T09:53:48.691614 #616]  INFO -- : 0:  bundler (1.5.1) from /Users/petersaxton/.rvm/gems/ruby-2.1.0@global/specifications/bundler-1.5.1.gemspec
I, [2014-02-07T10:10:26.418184 #823]  INFO -- : 0:  newrelic_rpm (3.7.2.192) from /Users/petersaxton/.rvm/gems/ruby-2.1.0/specifications/newrelic_rpm-3.7.2.192.gemspec
I, [2014-02-07T10:10:26.418607 #823]  INFO -- : 0:  rack (1.5.2) from /Users/petersaxton/.rvm/gems/ruby-2.1.0/specifications/rack-1.5.2.gemspec
I, [2014-02-07T10:10:26.418963 #823]  INFO -- : 0:  rack-protection (1.5.2) from /Users/petersaxton/.rvm/gems/ruby-2.1.0/specifications/rack-protection-1.5.2.gemspec
I, [2014-02-07T10:10:26.419398 #823]  INFO -- : 0:  shotgun (0.9) from /Users/petersaxton/.rvm/gems/ruby-2.1.0/specifications/shotgun-0.9.gemspec
I, [2014-02-07T10:10:26.419728 #823]  INFO -- : 0:  tilt (1.4.1) from /Users/petersaxton/.rvm/gems/ruby-2.1.0/specifications/tilt-1.4.1.gemspec
I, [2014-02-07T10:10:26.420098 #823]  INFO -- : 0:  sinatra (1.4.4) from /Users/petersaxton/.rvm/gems/ruby-2.1.0/specifications/sinatra-1.4.4.gemspec
I, [2014-02-07T10:10:26.420384 #823]  INFO -- : 0:  bundler (1.5.1) from /Users/petersaxton/.rvm/gems/ruby-2.1.0@global/specifications/bundler-1.5.1.gemspec
I, [2014-02-07T10:44:52.976004 #1182]  INFO -- : 0:  kgio (2.9.1) from /Users/petersaxton/.rvm/gems/ruby-2.1.0/specifications/kgio-2.9.1.gemspec
I, [2014-02-07T10:44:52.976452 #1182]  INFO -- : 0:  newrelic_rpm (3.7.2.192) from /Users/petersaxton/.rvm/gems/ruby-2.1.0/specifications/newrelic_rpm-3.7.2.192.gemspec
I, [2014-02-07T10:44:52.976786 #1182]  INFO -- : 0:  rack (1.5.2) from /Users/petersaxton/.rvm/gems/ruby-2.1.0/specifications/rack-1.5.2.gemspec
I, [2014-02-07T10:44:52.977103 #1182]  INFO -- : 0:  rack-protection (1.5.2) from /Users/petersaxton/.rvm/gems/ruby-2.1.0/specifications/rack-protection-1.5.2.gemspec
I, [2014-02-07T10:44:56.444434 #1182]  INFO -- : 0:  raindrops (0.12.0) from /Users/petersaxton/.rvm/gems/ruby-2.1.0/specifications/raindrops-0.12.0.gemspec
I, [2014-02-07T10:44:56.444949 #1182]  INFO -- : 0:  shotgun (0.9) from /Users/petersaxton/.rvm/gems/ruby-2.1.0/specifications/shotgun-0.9.gemspec
I, [2014-02-07T10:44:56.445301 #1182]  INFO -- : 0:  tilt (1.4.1) from /Users/petersaxton/.rvm/gems/ruby-2.1.0/specifications/tilt-1.4.1.gemspec
I, [2014-02-07T10:44:56.445642 #1182]  INFO -- : 0:  sinatra (1.4.4) from /Users/petersaxton/.rvm/gems/ruby-2.1.0/specifications/sinatra-1.4.4.gemspec
I, [2014-02-07T10:45:03.418734 #1182]  INFO -- : 0:  unicorn (4.8.2) from /Users/petersaxton/.rvm/gems/ruby-2.1.0/specifications/unicorn-4.8.2.gemspec
I, [2014-02-07T10:45:03.419371 #1182]  INFO -- : 0:  bundler (1.5.1) from /Users/petersaxton/.rvm/gems/ruby-2.1.0@global/specifications/bundler-1.5.1.gemspec
I, [2014-02-07T10:49:06.638916 #1607]  INFO -- : 0:  daemons (1.1.9) from /Users/petersaxton/.rvm/gems/ruby-2.1.0/specifications/daemons-1.1.9.gemspec
I, [2014-02-07T10:49:18.624886 #1607]  INFO -- : 0:  eventmachine (1.0.3) from /Users/petersaxton/.rvm/gems/ruby-2.1.0/specifications/eventmachine-1.0.3.gemspec
I, [2014-02-07T10:49:18.625408 #1607]  INFO -- : 0:  newrelic_rpm (3.7.2.192) from /Users/petersaxton/.rvm/gems/ruby-2.1.0/specifications/newrelic_rpm-3.7.2.192.gemspec
I, [2014-02-07T10:49:18.625762 #1607]  INFO -- : 0:  rack (1.5.2) from /Users/petersaxton/.rvm/gems/ruby-2.1.0/specifications/rack-1.5.2.gemspec
I, [2014-02-07T10:49:18.626105 #1607]  INFO -- : 0:  rack-protection (1.5.2) from /Users/petersaxton/.rvm/gems/ruby-2.1.0/specifications/rack-protection-1.5.2.gemspec
I, [2014-02-07T10:49:18.626425 #1607]  INFO -- : 0:  shotgun (0.9) from /Users/petersaxton/.rvm/gems/ruby-2.1.0/specifications/shotgun-0.9.gemspec
I, [2014-02-07T10:49:18.626725 #1607]  INFO -- : 0:  tilt (1.4.1) from /Users/petersaxton/.rvm/gems/ruby-2.1.0/specifications/tilt-1.4.1.gemspec
I, [2014-02-07T10:49:18.627014 #1607]  INFO -- : 0:  sinatra (1.4.4) from /Users/petersaxton/.rvm/gems/ruby-2.1.0/specifications/sinatra-1.4.4.gemspec
I, [2014-02-07T10:49:21.865210 #1607]  INFO -- : 0:  thin (1.6.1) from /Users/petersaxton/.rvm/gems/ruby-2.1.0/specifications/thin-1.6.1.gemspec
I, [2014-02-07T10:49:21.865729 #1607]  INFO -- : 0:  bundler (1.5.1) from /Users/petersaxton/.rvm/gems/ruby-2.1.0@global/specifications/bundler-1.5.1.gemspec
I, [2014-02-07T10:52:53.995702 #1949]  INFO -- : 0:  kgio (2.9.1) from /Users/petersaxton/.rvm/gems/ruby-2.1.0/specifications/kgio-2.9.1.gemspec
I, [2014-02-07T10:52:53.996214 #1949]  INFO -- : 0:  newrelic_rpm (3.7.2.192) from /Users/petersaxton/.rvm/gems/ruby-2.1.0/specifications/newrelic_rpm-3.7.2.192.gemspec
I, [2014-02-07T10:52:53.996690 #1949]  INFO -- : 0:  rack (1.5.2) from /Users/petersaxton/.rvm/gems/ruby-2.1.0/specifications/rack-1.5.2.gemspec
I, [2014-02-07T10:52:53.997132 #1949]  INFO -- : 0:  rack-protection (1.5.2) from /Users/petersaxton/.rvm/gems/ruby-2.1.0/specifications/rack-protection-1.5.2.gemspec
I, [2014-02-07T10:52:53.997540 #1949]  INFO -- : 0:  raindrops (0.12.0) from /Users/petersaxton/.rvm/gems/ruby-2.1.0/specifications/raindrops-0.12.0.gemspec
I, [2014-02-07T10:52:53.997932 #1949]  INFO -- : 0:  shotgun (0.9) from /Users/petersaxton/.rvm/gems/ruby-2.1.0/specifications/shotgun-0.9.gemspec
I, [2014-02-07T10:52:53.998317 #1949]  INFO -- : 0:  tilt (1.4.1) from /Users/petersaxton/.rvm/gems/ruby-2.1.0/specifications/tilt-1.4.1.gemspec
I, [2014-02-07T10:52:53.998681 #1949]  INFO -- : 0:  sinatra (1.4.4) from /Users/petersaxton/.rvm/gems/ruby-2.1.0/specifications/sinatra-1.4.4.gemspec
I, [2014-02-07T10:52:53.999059 #1949]  INFO -- : 0:  unicorn (4.8.2) from /Users/petersaxton/.rvm/gems/ruby-2.1.0/specifications/unicorn-4.8.2.gemspec
I, [2014-02-07T10:52:53.999442 #1949]  INFO -- : 0:  bundler (1.5.1) from /Users/petersaxton/.rvm/gems/ruby-2.1.0@global/specifications/bundler-1.5.1.gemspec
